#
# There is insufficient memory for the Java Runtime Environment to continue.
# Native memory allocation (malloc) failed to allocate 2143216 bytes. Error detail: Chunk::new
# Possible reasons:
#   The system is out of physical RAM or swap space
#   This process is running with CompressedOops enabled, and the Java Heap may be blocking the growth of the native heap
# Possible solutions:
#   Reduce memory load on the system
#   Increase physical memory or swap space
#   Check if swap backing store is full
#   Decrease Java heap size (-Xmx/-Xms)
#   Decrease number of Java threads
#   Decrease Java thread stack sizes (-Xss)
#   Set larger code cache with -XX:ReservedCodeCacheSize=
#   JVM is running with Unscaled Compressed Oops mode in which the Java heap is
#     placed in the first 4GB address space. The Java Heap base address is the
#     maximum limit for the native heap growth. Please use -XX:HeapBaseMinAddress
#     to set the Java Heap base and to place the Java Heap above 4GB virtual address.
# This output file may be truncated or incomplete.
#
#  Out of Memory Error (arena.cpp:168), pid=5472, tid=3832
#
# JRE version: OpenJDK Runtime Environment Temurin-21.0.6+7 (21.0.6+7) (build 21.0.6+7-LTS)
# Java VM: OpenJDK 64-Bit Server VM Temurin-21.0.6+7 (21.0.6+7-LTS, mixed mode, sharing, tiered, compressed oops, compressed class ptrs, parallel gc, windows-amd64)
# No core dump will be written. Minidumps are not enabled by default on client versions of Windows
#

---------------  S U M M A R Y ------------

Command Line: --add-modules=ALL-SYSTEM --add-opens=java.base/java.util=ALL-UNNAMED --add-opens=java.base/java.lang=ALL-UNNAMED --add-opens=java.base/sun.nio.fs=ALL-UNNAMED -Declipse.application=org.eclipse.jdt.ls.core.id1 -Dosgi.bundles.defaultStartLevel=4 -Declipse.product=org.eclipse.jdt.ls.core.product -Djava.import.generatesMetadataFilesAtProjectRoot=false -DDetectVMInstallationsJob.disabled=true -Dfile.encoding=utf8 -XX:+UseParallelGC -XX:GCTimeRatio=4 -XX:AdaptiveSizePolicyWeight=90 -Dsun.zip.disableMemoryMapping=true -Xmx1G -Xms100m -Xlog:disable -javaagent:c:\Users\PV\.vscode\extensions\redhat.java-1.41.1-win32-x64\lombok\lombok-1.18.36.jar c:\Users\PV\.vscode\extensions\redhat.java-1.41.1-win32-x64\server\plugins\org.eclipse.equinox.launcher_1.7.0.v20250331-1702.jar -configuration c:\Users\PV\AppData\Roaming\Code\User\globalStorage\redhat.java\1.41.1\config_ss_win -data c:\Users\PV\AppData\Roaming\Code\User\workspaceStorage\942c29290690ab913108f1e3f04e454c\redhat.java\ss_ws --pipe=\\.\pipe\lsp-e632dc66aff1bdeabe82d923ce906757-sock

Host: 11th Gen Intel(R) Core(TM) i5-1135G7 @ 2.40GHz, 8 cores, 7G,  Windows 11 , 64 bit Build 22621 (10.0.22621.5124)
Time: Mon Apr 28 22:16:48 2025 SE Asia Standard Time elapsed time: 7.605463 seconds (0d 0h 0m 7s)

---------------  T H R E A D  ---------------

Current thread (0x0000015b142fc0f0):  JavaThread "C2 CompilerThread0" daemon [_thread_in_native, id=3832, stack(0x00000004eb800000,0x00000004eb900000) (1024K)]


Current CompileTask:
C2:7605 2571       4       org.lombokweb.asm.ClassReader::readMethod (1070 bytes)

Stack: [0x00000004eb800000,0x00000004eb900000]
Native frames: (J=compiled Java code, j=interpreted, Vv=VM code, C=native code)
V  [jvm.dll+0x6cdee9]
V  [jvm.dll+0x8a83d1]
V  [jvm.dll+0x8aa8fe]
V  [jvm.dll+0x8aafe3]
V  [jvm.dll+0x27f706]
V  [jvm.dll+0xc500d]
V  [jvm.dll+0xc5543]
V  [jvm.dll+0x3b6752]
V  [jvm.dll+0x1e0009]
V  [jvm.dll+0x247b42]
V  [jvm.dll+0x246fcf]
V  [jvm.dll+0x1c75ee]
V  [jvm.dll+0x25685a]
V  [jvm.dll+0x254dfa]
V  [jvm.dll+0x3f0256]
V  [jvm.dll+0x851f8b]
V  [jvm.dll+0x6cc5ed]
C  [ucrtbase.dll+0x29333]
C  [KERNEL32.DLL+0x1259d]
C  [ntdll.dll+0x5af38]


---------------  P R O C E S S  ---------------

Threads class SMR info:
_java_thread_list=0x0000015b5b548240, length=20, elements={
0x0000015b7e95ea80, 0x0000015b142f05e0, 0x0000015b142f1ee0, 0x0000015b142f5c90,
0x0000015b142f6ba0, 0x0000015b142fa870, 0x0000015b142fb2c0, 0x0000015b142fc0f0,
0x0000015b143171b0, 0x0000015b5b081d80, 0x0000015b5b23b8b0, 0x0000015b5b9296f0,
0x0000015b5bb864e0, 0x0000015b5bb876d0, 0x0000015b5b7f9260, 0x0000015b5b90ed20,
0x0000015b5ba80ea0, 0x0000015b5bda91a0, 0x0000015b5be49070, 0x0000015b5c364b00
}

Java Threads: ( => current thread )
  0x0000015b7e95ea80 JavaThread "main"                              [_thread_blocked, id=7280, stack(0x00000004eae00000,0x00000004eaf00000) (1024K)]
  0x0000015b142f05e0 JavaThread "Reference Handler"          daemon [_thread_blocked, id=16060, stack(0x00000004eb200000,0x00000004eb300000) (1024K)]
  0x0000015b142f1ee0 JavaThread "Finalizer"                  daemon [_thread_blocked, id=11352, stack(0x00000004eb300000,0x00000004eb400000) (1024K)]
  0x0000015b142f5c90 JavaThread "Signal Dispatcher"          daemon [_thread_blocked, id=8912, stack(0x00000004eb400000,0x00000004eb500000) (1024K)]
  0x0000015b142f6ba0 JavaThread "Attach Listener"            daemon [_thread_blocked, id=14648, stack(0x00000004eb500000,0x00000004eb600000) (1024K)]
  0x0000015b142fa870 JavaThread "Service Thread"             daemon [_thread_blocked, id=14684, stack(0x00000004eb600000,0x00000004eb700000) (1024K)]
  0x0000015b142fb2c0 JavaThread "Monitor Deflation Thread"   daemon [_thread_blocked, id=15200, stack(0x00000004eb700000,0x00000004eb800000) (1024K)]
=>0x0000015b142fc0f0 JavaThread "C2 CompilerThread0"         daemon [_thread_in_native, id=3832, stack(0x00000004eb800000,0x00000004eb900000) (1024K)]
  0x0000015b143171b0 JavaThread "C1 CompilerThread0"         daemon [_thread_in_native, id=3304, stack(0x00000004eb900000,0x00000004eba00000) (1024K)]
  0x0000015b5b081d80 JavaThread "Common-Cleaner"             daemon [_thread_blocked, id=12360, stack(0x00000004eba00000,0x00000004ebb00000) (1024K)]
  0x0000015b5b23b8b0 JavaThread "Notification Thread"        daemon [_thread_blocked, id=16024, stack(0x00000004ebb00000,0x00000004ebc00000) (1024K)]
  0x0000015b5b9296f0 JavaThread "Active Thread: Equinox Container: 8c357eb8-aaa8-4c7e-93af-6ddd27043b63"        [_thread_blocked, id=20160, stack(0x00000004ec200000,0x00000004ec300000) (1024K)]
  0x0000015b5bb864e0 JavaThread "Framework Event Dispatcher: Equinox Container: 8c357eb8-aaa8-4c7e-93af-6ddd27043b63" daemon [_thread_blocked, id=17508, stack(0x00000004ec300000,0x00000004ec400000) (1024K)]
  0x0000015b5bb876d0 JavaThread "Start Level: Equinox Container: 8c357eb8-aaa8-4c7e-93af-6ddd27043b63" daemon [_thread_in_vm, id=9836, stack(0x00000004ec400000,0x00000004ec500000) (1024K)]
  0x0000015b5b7f9260 JavaThread "SCR Component Actor"        daemon [_thread_blocked, id=14764, stack(0x00000004ec500000,0x00000004ec600000) (1024K)]
  0x0000015b5b90ed20 JavaThread "SCR Component Registry"     daemon [_thread_blocked, id=16848, stack(0x00000004ec700000,0x00000004ec800000) (1024K)]
  0x0000015b5ba80ea0 JavaThread "Worker-JM"                         [_thread_blocked, id=8268, stack(0x00000004ec800000,0x00000004ec900000) (1024K)]
  0x0000015b5bda91a0 JavaThread "Worker-0"                          [_thread_blocked, id=19908, stack(0x00000004ec900000,0x00000004eca00000) (1024K)]
  0x0000015b5be49070 JavaThread "Worker-1"                          [_thread_blocked, id=11396, stack(0x00000004eca00000,0x00000004ecb00000) (1024K)]
  0x0000015b5c364b00 JavaThread "Java indexing"              daemon [_thread_blocked, id=11444, stack(0x00000004ecb00000,0x00000004ecc00000) (1024K)]
Total: 20

Other Threads:
  0x0000015b142d3da0 VMThread "VM Thread"                           [id=15816, stack(0x00000004eb100000,0x00000004eb200000) (1024K)]
  0x0000015b1420c950 WatcherThread "VM Periodic Task Thread"        [id=14964, stack(0x00000004eb000000,0x00000004eb100000) (1024K)]
  0x0000015b7e97cfb0 WorkerThread "GC Thread#0"                     [id=8684, stack(0x00000004eaf00000,0x00000004eb000000) (1024K)]
  0x0000015b5b87bb30 WorkerThread "GC Thread#1"                     [id=10744, stack(0x00000004ebc00000,0x00000004ebd00000) (1024K)]
  0x0000015b5b87bed0 WorkerThread "GC Thread#2"                     [id=14044, stack(0x00000004ebd00000,0x00000004ebe00000) (1024K)]
  0x0000015b5b87e300 WorkerThread "GC Thread#3"                     [id=14900, stack(0x00000004ebe00000,0x00000004ebf00000) (1024K)]
  0x0000015b5b87e6a0 WorkerThread "GC Thread#4"                     [id=7352, stack(0x00000004ebf00000,0x00000004ec000000) (1024K)]
  0x0000015b5b87ea40 WorkerThread "GC Thread#5"                     [id=13960, stack(0x00000004ec000000,0x00000004ec100000) (1024K)]
  0x0000015b5b8c4150 WorkerThread "GC Thread#6"                     [id=16576, stack(0x00000004ec100000,0x00000004ec200000) (1024K)]
  0x0000015b5bb91ff0 WorkerThread "GC Thread#7"                     [id=19696, stack(0x00000004ec600000,0x00000004ec700000) (1024K)]
Total: 10

Threads with active compile tasks:
C2 CompilerThread0  7646 2571       4       org.lombokweb.asm.ClassReader::readMethod (1070 bytes)
C1 CompilerThread0  7646 2735       3       sun.util.locale.LocaleUtils::toTitleString (139 bytes)
Total: 2

VM state: not at safepoint (normal execution)

VM Mutex/Monitor currently owned by a thread: None

Heap address: 0x00000000c0000000, size: 1024 MB, Compressed Oops mode: 32-bit

CDS archive(s) mapped at: [0x0000015b15000000-0x0000015b15ba0000-0x0000015b15ba0000), size 12189696, SharedBaseAddress: 0x0000015b15000000, ArchiveRelocationMode: 1.
Compressed class space mapped at: 0x0000015b16000000-0x0000015b56000000, reserved size: 1073741824
Narrow klass base: 0x0000015b15000000, Narrow klass shift: 0, Narrow klass range: 0x100000000

GC Precious Log:
 CardTable entry size: 512
 CPUs: 8 total, 8 available
 Memory: 7914M
 Large Page Support: Disabled
 NUMA Support: Disabled
 Compressed Oops: Enabled (32-bit)
 Alignments: Space 512K, Generation 512K, Heap 2M
 Heap Min Capacity: 100M
 Heap Initial Capacity: 100M
 Heap Max Capacity: 1G
 Pre-touch: Disabled
 Parallel Workers: 8

Heap:
 PSYoungGen      total 29696K, used 23871K [0x00000000eab00000, 0x00000000ecc00000, 0x0000000100000000)
  eden space 25600K, 77% used [0x00000000eab00000,0x00000000ebe54780,0x00000000ec400000)
  from space 4096K, 99% used [0x00000000ec400000,0x00000000ec7fb780,0x00000000ec800000)
  to   space 4096K, 0% used [0x00000000ec800000,0x00000000ec800000,0x00000000ecc00000)
 ParOldGen       total 68608K, used 7202K [0x00000000c0000000, 0x00000000c4300000, 0x00000000eab00000)
  object space 68608K, 10% used [0x00000000c0000000,0x00000000c0708b70,0x00000000c4300000)
 Metaspace       used 20791K, committed 21440K, reserved 1114112K
  class space    used 1909K, committed 2176K, reserved 1048576K

Card table byte_map: [0x0000015b7e330000,0x0000015b7e540000] _byte_map_base: 0x0000015b7dd30000

Marking Bits: (ParMarkBitMap*) 0x00007ffea7903260
 Begin Bits: [0x0000015b12130000, 0x0000015b13130000)
 End Bits:   [0x0000015b13130000, 0x0000015b14130000)

Polling page: 0x0000015b7e120000

Metaspace:

Usage:
  Non-class:     18.44 MB used.
      Class:      1.87 MB used.
       Both:     20.30 MB used.

Virtual space:
  Non-class space:       64.00 MB reserved,      18.81 MB ( 29%) committed,  1 nodes.
      Class space:        1.00 GB reserved,       2.12 MB ( <1%) committed,  1 nodes.
             Both:        1.06 GB reserved,      20.94 MB (  2%) committed. 

Chunk freelists:
   Non-Class:  12.29 MB
       Class:  13.88 MB
        Both:  26.17 MB

MaxMetaspaceSize: unlimited
CompressedClassSpaceSize: 1.00 GB
Initial GC threshold: 21.00 MB
Current GC threshold: 21.00 MB
CDS: on
 - commit_granule_bytes: 65536.
 - commit_granule_words: 8192.
 - virtual_space_node_default_size: 8388608.
 - enlarge_chunks_in_place: 1.
 - use_allocation_guard: 0.


Internal statistics:

num_allocs_failed_limit: 0.
num_arena_births: 486.
num_arena_deaths: 0.
num_vsnodes_births: 2.
num_vsnodes_deaths: 0.
num_space_committed: 335.
num_space_uncommitted: 0.
num_chunks_returned_to_freelist: 0.
num_chunks_taken_from_freelist: 1254.
num_chunk_merges: 0.
num_chunk_splits: 849.
num_chunks_enlarged: 548.
num_inconsistent_stats: 0.

CodeHeap 'non-profiled nmethods': size=120000Kb used=1064Kb max_used=1064Kb free=118935Kb
 bounds [0x0000015b0ac00000, 0x0000015b0ae70000, 0x0000015b12130000]
CodeHeap 'profiled nmethods': size=120000Kb used=5467Kb max_used=5467Kb free=114532Kb
 bounds [0x0000015b03130000, 0x0000015b03690000, 0x0000015b0a660000]
CodeHeap 'non-nmethods': size=5760Kb used=1317Kb max_used=1329Kb free=4442Kb
 bounds [0x0000015b0a660000, 0x0000015b0a8d0000, 0x0000015b0ac00000]
 total_blobs=3311 nmethods=2723 adapters=494
 compilation: enabled
              stopped_count=0, restarted_count=0
 full_count=0

Compilation events (20 events):
Event: 7.555 Thread 0x0000015b143171b0 2701       3       sun.util.locale.LocaleUtils::toLowerString (95 bytes)
Event: 7.556 Thread 0x0000015b143171b0 nmethod 2701 0x0000015b03672b10 code [0x0000015b03672de0, 0x0000015b03673e80]
Event: 7.556 Thread 0x0000015b143171b0 2702       1       sun.util.locale.BaseLocale$Key::hashCode (5 bytes)
Event: 7.556 Thread 0x0000015b143171b0 nmethod 2702 0x0000015b0ad09090 code [0x0000015b0ad09220, 0x0000015b0ad092e8]
Event: 7.556 Thread 0x0000015b143171b0 2703       1       sun.util.locale.StringTokenIterator::currentEnd (5 bytes)
Event: 7.556 Thread 0x0000015b143171b0 nmethod 2703 0x0000015b0ad09390 code [0x0000015b0ad09520, 0x0000015b0ad095e8]
Event: 7.557 Thread 0x0000015b143171b0 2704       3       sun.util.locale.BaseLocale::hashCode (67 bytes)
Event: 7.557 Thread 0x0000015b143171b0 nmethod 2704 0x0000015b03674510 code [0x0000015b036746e0, 0x0000015b03674988]
Event: 7.557 Thread 0x0000015b143171b0 2706       3       sun.util.locale.LocaleUtils::isLower (18 bytes)
Event: 7.558 Thread 0x0000015b143171b0 nmethod 2706 0x0000015b03674b10 code [0x0000015b03674ca0, 0x0000015b03674e10]
Event: 7.558 Thread 0x0000015b143171b0 2705       3       sun.util.locale.ParseStatus::isError (13 bytes)
Event: 7.558 Thread 0x0000015b143171b0 nmethod 2705 0x0000015b03674e90 code [0x0000015b03675020, 0x0000015b03675180]
Event: 7.570 Thread 0x0000015b143171b0 2707       1       sun.util.locale.LanguageTag::getLanguage (5 bytes)
Event: 7.570 Thread 0x0000015b143171b0 nmethod 2707 0x0000015b0ad09690 code [0x0000015b0ad09820, 0x0000015b0ad098e8]
Event: 7.570 Thread 0x0000015b143171b0 2708       1       sun.util.locale.LanguageTag::getScript (5 bytes)
Event: 7.570 Thread 0x0000015b143171b0 nmethod 2708 0x0000015b0ad09990 code [0x0000015b0ad09b20, 0x0000015b0ad09be8]
Event: 7.570 Thread 0x0000015b143171b0 2709       1       sun.util.locale.LanguageTag::getRegion (5 bytes)
Event: 7.570 Thread 0x0000015b143171b0 nmethod 2709 0x0000015b0ad09c90 code [0x0000015b0ad09e20, 0x0000015b0ad09ee8]
Event: 7.570 Thread 0x0000015b143171b0 2710       1       sun.util.locale.LanguageTag::getPrivateuse (5 bytes)
Event: 7.570 Thread 0x0000015b143171b0 nmethod 2710 0x0000015b0ad09f90 code [0x0000015b0ad0a120, 0x0000015b0ad0a1e8]

GC Heap History (10 events):
Event: 1.717 GC heap before
{Heap before GC invocations=1 (full 0):
 PSYoungGen      total 29696K, used 25600K [0x00000000eab00000, 0x00000000ecc00000, 0x0000000100000000)
  eden space 25600K, 100% used [0x00000000eab00000,0x00000000ec400000,0x00000000ec400000)
  from space 4096K, 0% used [0x00000000ec800000,0x00000000ec800000,0x00000000ecc00000)
  to   space 4096K, 0% used [0x00000000ec400000,0x00000000ec400000,0x00000000ec800000)
 ParOldGen       total 68608K, used 0K [0x00000000c0000000, 0x00000000c4300000, 0x00000000eab00000)
  object space 68608K, 0% used [0x00000000c0000000,0x00000000c0000000,0x00000000c4300000)
 Metaspace       used 4357K, committed 4608K, reserved 1114112K
  class space    used 439K, committed 512K, reserved 1048576K
}
Event: 1.730 GC heap after
{Heap after GC invocations=1 (full 0):
 PSYoungGen      total 29696K, used 3222K [0x00000000eab00000, 0x00000000ecc00000, 0x0000000100000000)
  eden space 25600K, 0% used [0x00000000eab00000,0x00000000eab00000,0x00000000ec400000)
  from space 4096K, 78% used [0x00000000ec400000,0x00000000ec725800,0x00000000ec800000)
  to   space 4096K, 0% used [0x00000000ec800000,0x00000000ec800000,0x00000000ecc00000)
 ParOldGen       total 68608K, used 16K [0x00000000c0000000, 0x00000000c4300000, 0x00000000eab00000)
  object space 68608K, 0% used [0x00000000c0000000,0x00000000c0004000,0x00000000c4300000)
 Metaspace       used 4357K, committed 4608K, reserved 1114112K
  class space    used 439K, committed 512K, reserved 1048576K
}
Event: 3.411 GC heap before
{Heap before GC invocations=2 (full 0):
 PSYoungGen      total 29696K, used 28822K [0x00000000eab00000, 0x00000000ecc00000, 0x0000000100000000)
  eden space 25600K, 100% used [0x00000000eab00000,0x00000000ec400000,0x00000000ec400000)
  from space 4096K, 78% used [0x00000000ec400000,0x00000000ec725800,0x00000000ec800000)
  to   space 4096K, 0% used [0x00000000ec800000,0x00000000ec800000,0x00000000ecc00000)
 ParOldGen       total 68608K, used 16K [0x00000000c0000000, 0x00000000c4300000, 0x00000000eab00000)
  object space 68608K, 0% used [0x00000000c0000000,0x00000000c0004000,0x00000000c4300000)
 Metaspace       used 8175K, committed 8512K, reserved 1114112K
  class space    used 813K, committed 960K, reserved 1048576K
}
Event: 3.417 GC heap after
{Heap after GC invocations=2 (full 0):
 PSYoungGen      total 29696K, used 4074K [0x00000000eab00000, 0x00000000ecc00000, 0x0000000100000000)
  eden space 25600K, 0% used [0x00000000eab00000,0x00000000eab00000,0x00000000ec400000)
  from space 4096K, 99% used [0x00000000ec800000,0x00000000ecbfa948,0x00000000ecc00000)
  to   space 4096K, 0% used [0x00000000ec400000,0x00000000ec400000,0x00000000ec800000)
 ParOldGen       total 68608K, used 877K [0x00000000c0000000, 0x00000000c4300000, 0x00000000eab00000)
  object space 68608K, 1% used [0x00000000c0000000,0x00000000c00db6b8,0x00000000c4300000)
 Metaspace       used 8175K, committed 8512K, reserved 1114112K
  class space    used 813K, committed 960K, reserved 1048576K
}
Event: 4.789 GC heap before
{Heap before GC invocations=3 (full 0):
 PSYoungGen      total 29696K, used 29674K [0x00000000eab00000, 0x00000000ecc00000, 0x0000000100000000)
  eden space 25600K, 100% used [0x00000000eab00000,0x00000000ec400000,0x00000000ec400000)
  from space 4096K, 99% used [0x00000000ec800000,0x00000000ecbfa948,0x00000000ecc00000)
  to   space 4096K, 0% used [0x00000000ec400000,0x00000000ec400000,0x00000000ec800000)
 ParOldGen       total 68608K, used 877K [0x00000000c0000000, 0x00000000c4300000, 0x00000000eab00000)
  object space 68608K, 1% used [0x00000000c0000000,0x00000000c00db6b8,0x00000000c4300000)
 Metaspace       used 12968K, committed 13504K, reserved 1114112K
  class space    used 1304K, committed 1536K, reserved 1048576K
}
Event: 4.795 GC heap after
{Heap after GC invocations=3 (full 0):
 PSYoungGen      total 29696K, used 4092K [0x00000000eab00000, 0x00000000ecc00000, 0x0000000100000000)
  eden space 25600K, 0% used [0x00000000eab00000,0x00000000eab00000,0x00000000ec400000)
  from space 4096K, 99% used [0x00000000ec400000,0x00000000ec7ff300,0x00000000ec800000)
  to   space 4096K, 0% used [0x00000000ec800000,0x00000000ec800000,0x00000000ecc00000)
 ParOldGen       total 68608K, used 2715K [0x00000000c0000000, 0x00000000c4300000, 0x00000000eab00000)
  object space 68608K, 3% used [0x00000000c0000000,0x00000000c02a6f08,0x00000000c4300000)
 Metaspace       used 12968K, committed 13504K, reserved 1114112K
  class space    used 1304K, committed 1536K, reserved 1048576K
}
Event: 6.112 GC heap before
{Heap before GC invocations=4 (full 0):
 PSYoungGen      total 29696K, used 29592K [0x00000000eab00000, 0x00000000ecc00000, 0x0000000100000000)
  eden space 25600K, 99% used [0x00000000eab00000,0x00000000ec3e6d10,0x00000000ec400000)
  from space 4096K, 99% used [0x00000000ec400000,0x00000000ec7ff300,0x00000000ec800000)
  to   space 4096K, 0% used [0x00000000ec800000,0x00000000ec800000,0x00000000ecc00000)
 ParOldGen       total 68608K, used 2715K [0x00000000c0000000, 0x00000000c4300000, 0x00000000eab00000)
  object space 68608K, 3% used [0x00000000c0000000,0x00000000c02a6f08,0x00000000c4300000)
 Metaspace       used 15664K, committed 16256K, reserved 1114112K
  class space    used 1557K, committed 1792K, reserved 1048576K
}
Event: 6.118 GC heap after
{Heap after GC invocations=4 (full 0):
 PSYoungGen      total 29696K, used 4072K [0x00000000eab00000, 0x00000000ecc00000, 0x0000000100000000)
  eden space 25600K, 0% used [0x00000000eab00000,0x00000000eab00000,0x00000000ec400000)
  from space 4096K, 99% used [0x00000000ec800000,0x00000000ecbfa030,0x00000000ecc00000)
  to   space 4096K, 0% used [0x00000000ec400000,0x00000000ec400000,0x00000000ec800000)
 ParOldGen       total 68608K, used 5333K [0x00000000c0000000, 0x00000000c4300000, 0x00000000eab00000)
  object space 68608K, 7% used [0x00000000c0000000,0x00000000c05357d8,0x00000000c4300000)
 Metaspace       used 15664K, committed 16256K, reserved 1114112K
  class space    used 1557K, committed 1792K, reserved 1048576K
}
Event: 7.021 GC heap before
{Heap before GC invocations=5 (full 0):
 PSYoungGen      total 29696K, used 29672K [0x00000000eab00000, 0x00000000ecc00000, 0x0000000100000000)
  eden space 25600K, 100% used [0x00000000eab00000,0x00000000ec400000,0x00000000ec400000)
  from space 4096K, 99% used [0x00000000ec800000,0x00000000ecbfa030,0x00000000ecc00000)
  to   space 4096K, 0% used [0x00000000ec400000,0x00000000ec400000,0x00000000ec800000)
 ParOldGen       total 68608K, used 5333K [0x00000000c0000000, 0x00000000c4300000, 0x00000000eab00000)
  object space 68608K, 7% used [0x00000000c0000000,0x00000000c05357d8,0x00000000c4300000)
 Metaspace       used 19865K, committed 20416K, reserved 1114112K
  class space    used 1857K, committed 2048K, reserved 1048576K
}
Event: 7.028 GC heap after
{Heap after GC invocations=5 (full 0):
 PSYoungGen      total 29696K, used 4077K [0x00000000eab00000, 0x00000000ecc00000, 0x0000000100000000)
  eden space 25600K, 0% used [0x00000000eab00000,0x00000000eab00000,0x00000000ec400000)
  from space 4096K, 99% used [0x00000000ec400000,0x00000000ec7fb780,0x00000000ec800000)
  to   space 4096K, 0% used [0x00000000ec800000,0x00000000ec800000,0x00000000ecc00000)
 ParOldGen       total 68608K, used 7202K [0x00000000c0000000, 0x00000000c4300000, 0x00000000eab00000)
  object space 68608K, 10% used [0x00000000c0000000,0x00000000c0708b70,0x00000000c4300000)
 Metaspace       used 19865K, committed 20416K, reserved 1114112K
  class space    used 1857K, committed 2048K, reserved 1048576K
}

Dll operation events (9 events):
Event: 0.017 Loaded shared library c:\Users\PV\.vscode\extensions\redhat.java-1.41.1-win32-x64\jre\21.0.6-win32-x86_64\bin\java.dll
Event: 0.149 Loaded shared library c:\Users\PV\.vscode\extensions\redhat.java-1.41.1-win32-x64\jre\21.0.6-win32-x86_64\bin\zip.dll
Event: 0.178 Loaded shared library C:\Users\PV\.vscode\extensions\redhat.java-1.41.1-win32-x64\jre\21.0.6-win32-x86_64\bin\instrument.dll
Event: 0.186 Loaded shared library C:\Users\PV\.vscode\extensions\redhat.java-1.41.1-win32-x64\jre\21.0.6-win32-x86_64\bin\net.dll
Event: 0.188 Loaded shared library C:\Users\PV\.vscode\extensions\redhat.java-1.41.1-win32-x64\jre\21.0.6-win32-x86_64\bin\nio.dll
Event: 0.193 Loaded shared library C:\Users\PV\.vscode\extensions\redhat.java-1.41.1-win32-x64\jre\21.0.6-win32-x86_64\bin\zip.dll
Event: 0.248 Loaded shared library C:\Users\PV\.vscode\extensions\redhat.java-1.41.1-win32-x64\jre\21.0.6-win32-x86_64\bin\jimage.dll
Event: 0.369 Loaded shared library c:\Users\PV\.vscode\extensions\redhat.java-1.41.1-win32-x64\jre\21.0.6-win32-x86_64\bin\verify.dll
Event: 3.072 Loaded shared library C:\Users\PV\AppData\Roaming\Code\User\globalStorage\redhat.java\1.41.1\config_ss_win\org.eclipse.equinox.launcher\org.eclipse.equinox.launcher.win32.win32.x86_64_1.2.1300.v20250331-1702\eclipse_11911.dll

Deoptimization events (20 events):
Event: 6.741 Thread 0x0000015b5bb876d0 Uncommon trap: trap_request=0xffffff45 fr.pc=0x0000015b0ad02da4 relative=0x0000000000000184
Event: 6.741 Thread 0x0000015b5bb876d0 Uncommon trap: reason=unstable_if action=reinterpret pc=0x0000015b0ad02da4 method=org.lombokweb.asm.ByteVector.putByteArray([BII)Lorg/lombokweb/asm/ByteVector; @ 20 c2
Event: 6.741 Thread 0x0000015b5bb876d0 DEOPT PACKING pc=0x0000015b0ad02da4 sp=0x00000004ec4eebc0
Event: 6.741 Thread 0x0000015b5bb876d0 DEOPT UNPACKING pc=0x0000015b0a6b6da2 sp=0x00000004ec4eeb90 mode 2
Event: 6.741 Thread 0x0000015b5bb876d0 Uncommon trap: trap_request=0xffffff45 fr.pc=0x0000015b0ad03424 relative=0x0000000000000364
Event: 6.741 Thread 0x0000015b5bb876d0 Uncommon trap: reason=unstable_if action=reinterpret pc=0x0000015b0ad03424 method=org.lombokweb.asm.Label.resolve([BLorg/lombokweb/asm/ByteVector;I)Z @ 81 c2
Event: 6.741 Thread 0x0000015b5bb876d0 DEOPT PACKING pc=0x0000015b0ad03424 sp=0x00000004ec4eec50
Event: 6.741 Thread 0x0000015b5bb876d0 DEOPT UNPACKING pc=0x0000015b0a6b6da2 sp=0x00000004ec4eeb58 mode 2
Event: 7.333 Thread 0x0000015b5bb876d0 DEOPT PACKING pc=0x0000015b03251e26 sp=0x00000004ec4f7e50
Event: 7.333 Thread 0x0000015b5bb876d0 DEOPT UNPACKING pc=0x0000015b0a6b78e2 sp=0x00000004ec4f7348 mode 0
Event: 7.334 Thread 0x0000015b5bb876d0 DEOPT PACKING pc=0x0000015b034d7035 sp=0x00000004ec4f7c00
Event: 7.334 Thread 0x0000015b5bb876d0 DEOPT UNPACKING pc=0x0000015b0a6b78e2 sp=0x00000004ec4f7110 mode 0
Event: 7.334 Thread 0x0000015b5bb876d0 DEOPT PACKING pc=0x0000015b03251e26 sp=0x00000004ec4f7e50
Event: 7.334 Thread 0x0000015b5bb876d0 DEOPT UNPACKING pc=0x0000015b0a6b78e2 sp=0x00000004ec4f7348 mode 0
Event: 7.335 Thread 0x0000015b5bb876d0 DEOPT PACKING pc=0x0000015b03251e26 sp=0x00000004ec4f7e50
Event: 7.335 Thread 0x0000015b5bb876d0 DEOPT UNPACKING pc=0x0000015b0a6b78e2 sp=0x00000004ec4f7348 mode 0
Event: 7.367 Thread 0x0000015b5bb876d0 Uncommon trap: trap_request=0xffffffc6 fr.pc=0x0000015b0ac9fe30 relative=0x0000000000000a50
Event: 7.367 Thread 0x0000015b5bb876d0 Uncommon trap: reason=bimorphic_or_optimized_type_check action=maybe_recompile pc=0x0000015b0ac9fe30 method=java.util.HashMap.putVal(ILjava/lang/Object;Ljava/lang/Object;ZZ)Ljava/lang/Object; @ 56 c2
Event: 7.368 Thread 0x0000015b5bb876d0 DEOPT PACKING pc=0x0000015b0ac9fe30 sp=0x00000004ec4f9a00
Event: 7.368 Thread 0x0000015b5bb876d0 DEOPT UNPACKING pc=0x0000015b0a6b6da2 sp=0x00000004ec4f9968 mode 2

Classes loaded (20 events):
Event: 5.902 Loading class java/net/UnknownHostException
Event: 5.902 Loading class java/net/UnknownHostException done
Event: 5.902 Loading class java/net/ProtocolException
Event: 5.902 Loading class java/net/ProtocolException done
Event: 5.926 Loading class java/lang/ThreadLocal$SuppliedThreadLocal
Event: 5.927 Loading class java/lang/ThreadLocal$SuppliedThreadLocal done
Event: 5.942 Loading class java/lang/NegativeArraySizeException
Event: 5.942 Loading class java/lang/NegativeArraySizeException done
Event: 5.943 Loading class java/io/FileWriter
Event: 5.943 Loading class java/io/FileWriter done
Event: 7.433 Loading class java/net/Authenticator
Event: 7.434 Loading class java/net/Authenticator done
Event: 7.456 Loading class java/net/SocketAddress
Event: 7.456 Loading class java/net/SocketAddress done
Event: 7.456 Loading class java/net/InetSocketAddress
Event: 7.469 Loading class java/net/InetSocketAddress done
Event: 7.469 Loading class java/nio/channels/AsynchronousByteChannel
Event: 7.471 Loading class java/nio/channels/AsynchronousChannel
Event: 7.471 Loading class java/nio/channels/AsynchronousChannel done
Event: 7.471 Loading class java/nio/channels/AsynchronousByteChannel done

Classes unloaded (0 events):
No events

Classes redefined (0 events):
No events

Internal exceptions (20 events):
Event: 4.605 Thread 0x0000015b5bb876d0 Exception <a 'java/lang/NoSuchMethodError'{0x00000000ec260208}: 'java.lang.Object java.lang.invoke.DirectMethodHandle$Holder.newInvokeSpecial(java.lang.Object, java.lang.Object, java.lang.Object, java.lang.Object, java.lang.Object, java.lang.Object)'> (0x00000000ec260208) 
thrown [s\src\hotspot\share\interpreter\linkResolver.cpp, line 773]
Event: 4.613 Thread 0x0000015b5bb876d0 Exception <a 'java/lang/NoSuchMethodError'{0x00000000ec27be30}: 'void java.lang.invoke.Invokers$Holder.invokeExact_MT(java.lang.Object, java.lang.Object, java.lang.Object, java.lang.Object)'> (0x00000000ec27be30) 
thrown [s\src\hotspot\share\interpreter\linkResolver.cpp, line 773]
Event: 4.738 Thread 0x0000015b5bb876d0 Exception <a 'java/io/FileNotFoundException'{0x00000000ec3d46d8}> (0x00000000ec3d46d8) 
thrown [s\src\hotspot\share\prims\jni.cpp, line 520]
Event: 4.784 Thread 0x0000015b5bb876d0 Exception <a 'java/io/FileNotFoundException'{0x00000000ec3db178}> (0x00000000ec3db178) 
thrown [s\src\hotspot\share\prims\jni.cpp, line 520]
Event: 5.227 Thread 0x0000015b5bb876d0 Exception <a 'java/lang/NoSuchMethodError'{0x00000000eb07db98}: 'java.lang.Object java.lang.invoke.DirectMethodHandle$Holder.newInvokeSpecial(java.lang.Object, java.lang.Object, java.lang.Object, java.lang.Object, java.lang.Object)'> (0x00000000eb07db98) 
thrown [s\src\hotspot\share\interpreter\linkResolver.cpp, line 773]
Event: 5.287 Thread 0x0000015b5bb876d0 Exception <a 'java/lang/NoSuchMethodError'{0x00000000eb15a7d8}: 'java.lang.Object java.lang.invoke.DirectMethodHandle$Holder.invokeSpecial(java.lang.Object, java.lang.Object, java.lang.Object, long, java.lang.Object)'> (0x00000000eb15a7d8) 
thrown [s\src\hotspot\share\interpreter\linkResolver.cpp, line 773]
Event: 5.289 Thread 0x0000015b5bb876d0 Exception <a 'java/lang/NoSuchMethodError'{0x00000000eb161f68}: 'java.lang.Object java.lang.invoke.DirectMethodHandle$Holder.newInvokeSpecial(java.lang.Object, java.lang.Object, java.lang.Object, long)'> (0x00000000eb161f68) 
thrown [s\src\hotspot\share\interpreter\linkResolver.cpp, line 773]
Event: 5.290 Thread 0x0000015b5bb876d0 Exception <a 'java/lang/NoSuchMethodError'{0x00000000eb165be8}: 'java.lang.Object java.lang.invoke.Invokers$Holder.linkToTargetMethod(java.lang.Object, java.lang.Object, long, java.lang.Object)'> (0x00000000eb165be8) 
thrown [s\src\hotspot\share\interpreter\linkResolver.cpp, line 773]
Event: 5.335 Thread 0x0000015b5bb876d0 Exception <a 'java/lang/NoSuchMethodError'{0x00000000eb1d80f8}: 'int java.lang.invoke.DirectMethodHandle$Holder.invokeStaticInit(java.lang.Object, java.lang.Object, java.lang.Object)'> (0x00000000eb1d80f8) 
thrown [s\src\hotspot\share\interpreter\linkResolver.cpp, line 773]
Event: 5.410 Thread 0x0000015b5bb876d0 Exception <a 'java/lang/IncompatibleClassChangeError'{0x00000000eb267410}: Found class java.lang.Object, but interface was expected> (0x00000000eb267410) 
thrown [s\src\hotspot\share\interpreter\linkResolver.cpp, line 840]
Event: 5.411 Thread 0x0000015b5bb876d0 Exception <a 'java/lang/NoSuchMethodError'{0x00000000eb26ad68}: 'java.lang.Object java.lang.invoke.DirectMethodHandle$Holder.invokeSpecial(java.lang.Object, java.lang.Object, java.lang.Object, int, java.lang.Object, java.lang.Object)'> (0x00000000eb26ad68) 
thrown [s\src\hotspot\share\interpreter\linkResolver.cpp, line 773]
Event: 5.424 Thread 0x0000015b5bb876d0 Exception <a 'java/lang/NoSuchMethodError'{0x00000000eb272600}: 'java.lang.Object java.lang.invoke.DirectMethodHandle$Holder.newInvokeSpecial(java.lang.Object, java.lang.Object, java.lang.Object, int, java.lang.Object)'> (0x00000000eb272600) 
thrown [s\src\hotspot\share\interpreter\linkResolver.cpp, line 773]
Event: 5.425 Thread 0x0000015b5bb876d0 Exception <a 'java/lang/NoSuchMethodError'{0x00000000eb2760f0}: 'java.lang.Object java.lang.invoke.Invokers$Holder.linkToTargetMethod(java.lang.Object, java.lang.Object, int, java.lang.Object, java.lang.Object)'> (0x00000000eb2760f0) 
thrown [s\src\hotspot\share\interpreter\linkResolver.cpp, line 773]
Event: 5.426 Thread 0x0000015b5bda91a0 Exception <a 'java/lang/NoSuchMethodError'{0x00000000eb1b3b48}: 'java.lang.Object java.lang.invoke.DirectMethodHandle$Holder.invokeSpecial(java.lang.Object, java.lang.Object, int, java.lang.Object, java.lang.Object)'> (0x00000000eb1b3b48) 
thrown [s\src\hotspot\share\interpreter\linkResolver.cpp, line 773]
Event: 5.427 Thread 0x0000015b5bda91a0 Exception <a 'java/lang/NoSuchMethodError'{0x00000000eb1ba880}: 'java.lang.Object java.lang.invoke.DirectMethodHandle$Holder.newInvokeSpecial(java.lang.Object, java.lang.Object, int, java.lang.Object)'> (0x00000000eb1ba880) 
thrown [s\src\hotspot\share\interpreter\linkResolver.cpp, line 773]
Event: 5.536 Thread 0x0000015b5bb876d0 Exception <a 'java/lang/NoSuchMethodError'{0x00000000eb3a3778}: 'void java.lang.invoke.DirectMethodHandle$Holder.invokeSpecial(java.lang.Object, java.lang.Object, java.lang.Object, java.lang.Object, java.lang.Object)'> (0x00000000eb3a3778) 
thrown [s\src\hotspot\share\interpreter\linkResolver.cpp, line 773]
Event: 5.666 Thread 0x0000015b5bb876d0 Exception <a 'java/lang/NoSuchMethodError'{0x00000000eb5c5310}: 'double java.lang.invoke.DirectMethodHandle$Holder.invokeStatic(java.lang.Object, java.lang.Object)'> (0x00000000eb5c5310) 
thrown [s\src\hotspot\share\interpreter\linkResolver.cpp, line 773]
Event: 5.666 Thread 0x0000015b5bb876d0 Exception <a 'java/lang/NoSuchMethodError'{0x00000000eb5c89d0}: 'double java.lang.invoke.DirectMethodHandle$Holder.invokeStaticInit(java.lang.Object, java.lang.Object)'> (0x00000000eb5c89d0) 
thrown [s\src\hotspot\share\interpreter\linkResolver.cpp, line 773]
Event: 6.741 Thread 0x0000015b5bb876d0 Implicit null exception at 0x0000015b0ad02c75 to 0x0000015b0ad02d88
Event: 7.501 Thread 0x0000015b5bb876d0 Exception <a 'java/lang/NoSuchMethodError'{0x00000000ebd00ad8}: 'java.lang.Object java.lang.invoke.DirectMethodHandle$Holder.newInvokeSpecial(java.lang.Object, int, java.lang.Object, java.lang.Object)'> (0x00000000ebd00ad8) 
thrown [s\src\hotspot\share\interpreter\linkResolver.cpp, line 773]

ZGC Phase Switch (0 events):
No events

VM Operations (20 events):
Event: 3.683 Executing VM operation: HandshakeAllThreads (Deoptimize)
Event: 3.683 Executing VM operation: HandshakeAllThreads (Deoptimize) done
Event: 4.227 Executing VM operation: HandshakeAllThreads (Deoptimize)
Event: 4.227 Executing VM operation: HandshakeAllThreads (Deoptimize) done
Event: 4.789 Executing VM operation: ParallelGCFailedAllocation (Allocation Failure)
Event: 4.795 Executing VM operation: ParallelGCFailedAllocation (Allocation Failure) done
Event: 4.822 Executing VM operation: HandshakeAllThreads (Deoptimize)
Event: 4.822 Executing VM operation: HandshakeAllThreads (Deoptimize) done
Event: 4.834 Executing VM operation: HandshakeAllThreads (Deoptimize)
Event: 4.834 Executing VM operation: HandshakeAllThreads (Deoptimize) done
Event: 4.939 Executing VM operation: HandshakeAllThreads (Deoptimize)
Event: 4.939 Executing VM operation: HandshakeAllThreads (Deoptimize) done
Event: 5.946 Executing VM operation: Cleanup
Event: 5.946 Executing VM operation: Cleanup done
Event: 6.112 Executing VM operation: ParallelGCFailedAllocation (Allocation Failure)
Event: 6.118 Executing VM operation: ParallelGCFailedAllocation (Allocation Failure) done
Event: 7.021 Executing VM operation: ParallelGCFailedAllocation (Allocation Failure)
Event: 7.028 Executing VM operation: ParallelGCFailedAllocation (Allocation Failure) done
Event: 7.321 Executing VM operation: HandshakeAllThreads (Deoptimize)
Event: 7.321 Executing VM operation: HandshakeAllThreads (Deoptimize) done

Memory protections (0 events):
No events

Nmethod flushes (0 events):
No events

Events (20 events):
Event: 0.042 Thread 0x0000015b7e95ea80 Thread added: 0x0000015b7e95ea80
Event: 0.072 Thread 0x0000015b7e95ea80 Thread added: 0x0000015b142f05e0
Event: 0.072 Thread 0x0000015b7e95ea80 Thread added: 0x0000015b142f1ee0
Event: 0.073 Thread 0x0000015b7e95ea80 Thread added: 0x0000015b142f5c90
Event: 0.073 Thread 0x0000015b7e95ea80 Thread added: 0x0000015b142f6ba0
Event: 0.073 Thread 0x0000015b7e95ea80 Thread added: 0x0000015b142fa870
Event: 0.073 Thread 0x0000015b7e95ea80 Thread added: 0x0000015b142fb2c0
Event: 0.073 Thread 0x0000015b7e95ea80 Thread added: 0x0000015b142fc0f0
Event: 0.074 Thread 0x0000015b7e95ea80 Thread added: 0x0000015b143171b0
Event: 0.122 Thread 0x0000015b7e95ea80 Thread added: 0x0000015b5b081d80
Event: 0.579 Thread 0x0000015b7e95ea80 Thread added: 0x0000015b5b23b8b0
Event: 2.428 Thread 0x0000015b7e95ea80 Thread added: 0x0000015b5b9296f0
Event: 3.055 Thread 0x0000015b7e95ea80 Thread added: 0x0000015b5bb864e0
Event: 3.061 Thread 0x0000015b7e95ea80 Thread added: 0x0000015b5bb876d0
Event: 3.201 Thread 0x0000015b5bb876d0 Thread added: 0x0000015b5b7f9260
Event: 3.664 Thread 0x0000015b5bb876d0 Thread added: 0x0000015b5b90ed20
Event: 4.312 Thread 0x0000015b5bb876d0 Thread added: 0x0000015b5ba80ea0
Event: 5.312 Thread 0x0000015b5bb876d0 Thread added: 0x0000015b5bda91a0
Event: 5.428 Thread 0x0000015b5bb876d0 Thread added: 0x0000015b5be49070
Event: 7.410 Thread 0x0000015b5bb876d0 Thread added: 0x0000015b5c364b00


Dynamic libraries:
0x00007ff6ee330000 - 0x00007ff6ee33e000 	c:\Users\PV\.vscode\extensions\redhat.java-1.41.1-win32-x64\jre\21.0.6-win32-x86_64\bin\java.exe
0x00007fff5d930000 - 0x00007fff5db47000 	C:\WINDOWS\SYSTEM32\ntdll.dll
0x00007fff5d290000 - 0x00007fff5d354000 	C:\WINDOWS\System32\KERNEL32.DLL
0x00007fff5ac90000 - 0x00007fff5b063000 	C:\WINDOWS\System32\KERNELBASE.dll
0x00007fff5ab40000 - 0x00007fff5ac51000 	C:\WINDOWS\System32\ucrtbase.dll
0x00007fff1cad0000 - 0x00007fff1cae8000 	c:\Users\PV\.vscode\extensions\redhat.java-1.41.1-win32-x64\jre\21.0.6-win32-x86_64\bin\jli.dll
0x00007fff1ca00000 - 0x00007fff1ca1e000 	c:\Users\PV\.vscode\extensions\redhat.java-1.41.1-win32-x64\jre\21.0.6-win32-x86_64\bin\VCRUNTIME140.dll
0x00007fff5d510000 - 0x00007fff5d6c1000 	C:\WINDOWS\System32\USER32.dll
0x00007fff5ab10000 - 0x00007fff5ab36000 	C:\WINDOWS\System32\win32u.dll
0x00007fff5d4e0000 - 0x00007fff5d509000 	C:\WINDOWS\System32\GDI32.dll
0x00007fff34e40000 - 0x00007fff350d8000 	C:\WINDOWS\WinSxS\amd64_microsoft.windows.common-controls_6595b64144ccf1df_6.0.22621.5124_none_270e8f4f7386d69d\COMCTL32.dll
0x00007fff5b190000 - 0x00007fff5b2ab000 	C:\WINDOWS\System32\gdi32full.dll
0x00007fff5b8b0000 - 0x00007fff5b957000 	C:\WINDOWS\System32\msvcrt.dll
0x00007fff5b070000 - 0x00007fff5b10a000 	C:\WINDOWS\System32\msvcp_win.dll
0x00007fff5c300000 - 0x00007fff5c331000 	C:\WINDOWS\System32\IMM32.DLL
0x00007fff3d900000 - 0x00007fff3d90c000 	c:\Users\PV\.vscode\extensions\redhat.java-1.41.1-win32-x64\jre\21.0.6-win32-x86_64\bin\vcruntime140_1.dll
0x00007fff02f40000 - 0x00007fff02fcd000 	c:\Users\PV\.vscode\extensions\redhat.java-1.41.1-win32-x64\jre\21.0.6-win32-x86_64\bin\msvcp140.dll
0x00007ffea6c50000 - 0x00007ffea79e0000 	c:\Users\PV\.vscode\extensions\redhat.java-1.41.1-win32-x64\jre\21.0.6-win32-x86_64\bin\server\jvm.dll
0x00007fff5d830000 - 0x00007fff5d8e1000 	C:\WINDOWS\System32\ADVAPI32.dll
0x00007fff5c8d0000 - 0x00007fff5c978000 	C:\WINDOWS\System32\sechost.dll
0x00007fff5ac60000 - 0x00007fff5ac88000 	C:\WINDOWS\System32\bcrypt.dll
0x00007fff5bb40000 - 0x00007fff5bc54000 	C:\WINDOWS\System32\RPCRT4.dll
0x00007fff5c0f0000 - 0x00007fff5c161000 	C:\WINDOWS\System32\WS2_32.dll
0x00007fff598c0000 - 0x00007fff5990d000 	C:\WINDOWS\SYSTEM32\POWRPROF.dll
0x00007fff50fa0000 - 0x00007fff50fd4000 	C:\WINDOWS\SYSTEM32\WINMM.dll
0x00007fff50e20000 - 0x00007fff50e2a000 	C:\WINDOWS\SYSTEM32\VERSION.dll
0x00007fff59880000 - 0x00007fff59893000 	C:\WINDOWS\SYSTEM32\UMPDC.dll
0x00007fff59b30000 - 0x00007fff59b48000 	C:\WINDOWS\SYSTEM32\kernel.appcore.dll
0x00007fff3d190000 - 0x00007fff3d19a000 	c:\Users\PV\.vscode\extensions\redhat.java-1.41.1-win32-x64\jre\21.0.6-win32-x86_64\bin\jimage.dll
0x00007fff58380000 - 0x00007fff585b2000 	C:\WINDOWS\SYSTEM32\DBGHELP.DLL
0x00007fff5bc60000 - 0x00007fff5bff2000 	C:\WINDOWS\System32\combase.dll
0x00007fff5c170000 - 0x00007fff5c247000 	C:\WINDOWS\System32\OLEAUT32.dll
0x00007fff33500000 - 0x00007fff33532000 	C:\WINDOWS\SYSTEM32\dbgcore.DLL
0x00007fff5b420000 - 0x00007fff5b49b000 	C:\WINDOWS\System32\bcryptPrimitives.dll
0x00007fff3cd10000 - 0x00007fff3cd1f000 	c:\Users\PV\.vscode\extensions\redhat.java-1.41.1-win32-x64\jre\21.0.6-win32-x86_64\bin\instrument.dll
0x00007fff1b030000 - 0x00007fff1b04f000 	c:\Users\PV\.vscode\extensions\redhat.java-1.41.1-win32-x64\jre\21.0.6-win32-x86_64\bin\java.dll
0x00007fff5c9f0000 - 0x00007fff5d286000 	C:\WINDOWS\System32\SHELL32.dll
0x00007fff5b4a0000 - 0x00007fff5b5df000 	C:\WINDOWS\System32\wintypes.dll
0x00007fff58940000 - 0x00007fff5925a000 	C:\WINDOWS\SYSTEM32\windows.storage.dll
0x00007fff5c7c0000 - 0x00007fff5c8ca000 	C:\WINDOWS\System32\SHCORE.dll
0x00007fff5d360000 - 0x00007fff5d3c3000 	C:\WINDOWS\System32\shlwapi.dll
0x00007fff5a980000 - 0x00007fff5a9ab000 	C:\WINDOWS\SYSTEM32\profapi.dll
0x00007fff1a7e0000 - 0x00007fff1a7f8000 	c:\Users\PV\.vscode\extensions\redhat.java-1.41.1-win32-x64\jre\21.0.6-win32-x86_64\bin\zip.dll
0x00007fff3c4a0000 - 0x00007fff3c4b0000 	C:\Users\PV\.vscode\extensions\redhat.java-1.41.1-win32-x64\jre\21.0.6-win32-x86_64\bin\net.dll
0x00007fff52ab0000 - 0x00007fff52bdc000 	C:\WINDOWS\SYSTEM32\WINHTTP.dll
0x00007fff59fb0000 - 0x00007fff5a01a000 	C:\WINDOWS\system32\mswsock.dll
0x00007fff1b010000 - 0x00007fff1b026000 	C:\Users\PV\.vscode\extensions\redhat.java-1.41.1-win32-x64\jre\21.0.6-win32-x86_64\bin\nio.dll
0x00007fff3c3e0000 - 0x00007fff3c3f0000 	c:\Users\PV\.vscode\extensions\redhat.java-1.41.1-win32-x64\jre\21.0.6-win32-x86_64\bin\verify.dll
0x00007fff171e0000 - 0x00007fff17225000 	C:\Users\PV\AppData\Roaming\Code\User\globalStorage\redhat.java\1.41.1\config_ss_win\org.eclipse.equinox.launcher\org.eclipse.equinox.launcher.win32.win32.x86_64_1.2.1300.v20250331-1702\eclipse_11911.dll
0x00007fff5b6f0000 - 0x00007fff5b891000 	C:\WINDOWS\System32\ole32.dll

dbghelp: loaded successfully - version: 4.0.5 - missing functions: none
symbol engine: initialized successfully - sym options: 0x614 - pdb path: .;c:\Users\PV\.vscode\extensions\redhat.java-1.41.1-win32-x64\jre\21.0.6-win32-x86_64\bin;C:\WINDOWS\SYSTEM32;C:\WINDOWS\WinSxS\amd64_microsoft.windows.common-controls_6595b64144ccf1df_6.0.22621.5124_none_270e8f4f7386d69d;c:\Users\PV\.vscode\extensions\redhat.java-1.41.1-win32-x64\jre\21.0.6-win32-x86_64\bin\server;C:\Users\PV\AppData\Roaming\Code\User\globalStorage\redhat.java\1.41.1\config_ss_win\org.eclipse.equinox.launcher\org.eclipse.equinox.launcher.win32.win32.x86_64_1.2.1300.v20250331-1702

VM Arguments:
jvm_args: --add-modules=ALL-SYSTEM --add-opens=java.base/java.util=ALL-UNNAMED --add-opens=java.base/java.lang=ALL-UNNAMED --add-opens=java.base/sun.nio.fs=ALL-UNNAMED -Declipse.application=org.eclipse.jdt.ls.core.id1 -Dosgi.bundles.defaultStartLevel=4 -Declipse.product=org.eclipse.jdt.ls.core.product -Djava.import.generatesMetadataFilesAtProjectRoot=false -DDetectVMInstallationsJob.disabled=true -Dfile.encoding=utf8 -XX:+UseParallelGC -XX:GCTimeRatio=4 -XX:AdaptiveSizePolicyWeight=90 -Dsun.zip.disableMemoryMapping=true -Xmx1G -Xms100m -Xlog:disable -javaagent:c:\Users\PV\.vscode\extensions\redhat.java-1.41.1-win32-x64\lombok\lombok-1.18.36.jar 
java_command: c:\Users\PV\.vscode\extensions\redhat.java-1.41.1-win32-x64\server\plugins\org.eclipse.equinox.launcher_1.7.0.v20250331-1702.jar -configuration c:\Users\PV\AppData\Roaming\Code\User\globalStorage\redhat.java\1.41.1\config_ss_win -data c:\Users\PV\AppData\Roaming\Code\User\workspaceStorage\942c29290690ab913108f1e3f04e454c\redhat.java\ss_ws --pipe=\\.\pipe\lsp-e632dc66aff1bdeabe82d923ce906757-sock
java_class_path (initial): c:\Users\PV\.vscode\extensions\redhat.java-1.41.1-win32-x64\server\plugins\org.eclipse.equinox.launcher_1.7.0.v20250331-1702.jar
Launcher Type: SUN_STANDARD

[Global flags]
    uintx AdaptiveSizePolicyWeight                 = 90                                        {product} {command line}
     intx CICompilerCount                          = 4                                         {product} {ergonomic}
    uintx GCTimeRatio                              = 4                                         {product} {command line}
   size_t InitialHeapSize                          = 104857600                                 {product} {command line}
   size_t MaxHeapSize                              = 1073741824                                {product} {command line}
   size_t MaxNewSize                               = 357564416                                 {product} {ergonomic}
   size_t MinHeapDeltaBytes                        = 524288                                    {product} {ergonomic}
   size_t MinHeapSize                              = 104857600                                 {product} {command line}
   size_t NewSize                                  = 34603008                                  {product} {ergonomic}
    uintx NonNMethodCodeHeapSize                   = 5839372                                {pd product} {ergonomic}
    uintx NonProfiledCodeHeapSize                  = 122909434                              {pd product} {ergonomic}
   size_t OldSize                                  = 70254592                                  {product} {ergonomic}
    uintx ProfiledCodeHeapSize                     = 122909434                              {pd product} {ergonomic}
    uintx ReservedCodeCacheSize                    = 251658240                              {pd product} {ergonomic}
     bool SegmentedCodeCache                       = true                                      {product} {ergonomic}
   size_t SoftMaxHeapSize                          = 1073741824                             {manageable} {ergonomic}
     bool UseCompressedOops                        = true                           {product lp64_product} {ergonomic}
     bool UseLargePagesIndividualAllocation        = false                                  {pd product} {ergonomic}
     bool UseParallelGC                            = true                                      {product} {command line}

Logging:
Log output configuration:
 #0: stdout all=off uptime,level,tags foldmultilines=false
 #1: stderr all=off uptime,level,tags foldmultilines=false

Environment Variables:
JAVA_HOME=C:\Program Files\Java\jdk-21
PATH=D:\Vmware\bin\;C:\Program Files\Microsoft MPI\Bin\;D:\download python\Scripts\;D:\download python\;C:\Program Files\Common Files\Oracle\Java\javapath;C:\WINDOWS\system32;C:\WINDOWS;C:\WINDOWS\System32\Wbem;C:\WINDOWS\System32\WindowsPowerShell\v1.0\;C:\WINDOWS\System32\OpenSSH\;C:\Program Files\dotnet\;C:\Program Files\Azure Data Studio\bin;C:\Program Files\Java\jdk-21\bin;C:\Program Files\nodejs\;C:\Program Files\Git\cmd;C:\Program Files\Cloudflare\Cloudflare WARP\;C:\Program Files\Docker\Docker\resources\bin;C:\Program Files\Java\jdk-20\bin;C:\Users\PV\AppData\Local\Programs\Microsoft VS Code\bin;;C:\Users\PV\AppData\Local\Microsoft\WindowsApps;C:\Program Files\Azure Data Studio\bin;C:\Users\PV\AppData\Roaming\npm;D:\intell\IntelliJ IDEA 2024.3.3\bin;
USERNAME=PV
OS=Windows_NT
PROCESSOR_IDENTIFIER=Intel64 Family 6 Model 140 Stepping 1, GenuineIntel
TMP=C:\Users\PV\AppData\Local\Temp
TEMP=C:\Users\PV\AppData\Local\Temp




Periodic native trim disabled

---------------  S Y S T E M  ---------------

OS:
 Windows 11 , 64 bit Build 22621 (10.0.22621.5124)
OS uptime: 5 days 5:49 hours
Hyper-V role detected

CPU: total 8 (initial active 8) (4 cores per cpu, 2 threads per core) family 6 model 140 stepping 1 microcode 0xba, cx8, cmov, fxsr, ht, mmx, 3dnowpref, sse, sse2, sse3, ssse3, sse4.1, sse4.2, popcnt, lzcnt, tsc, tscinvbit, avx, avx2, aes, erms, clmul, bmi1, bmi2, adx, avx512f, avx512dq, avx512cd, avx512bw, avx512vl, sha, fma, vzeroupper, avx512_vpopcntdq, avx512_vpclmulqdq, avx512_vaes, avx512_vnni, clflush, clflushopt, clwb, avx512_vbmi2, avx512_vbmi, hv, rdtscp, rdpid, fsrm, gfni, avx512_bitalg, f16c, cet_ibt, cet_ss, avx512_ifma
Processor Information for the first 8 processors :
  Max Mhz: 2419, Current Mhz: 2419, Mhz Limit: 2419

Memory: 4k page, system-wide physical 7914M (101M free)
TotalPageFile size 21154M (AvailPageFile size 6M)
current process WorkingSet (physical memory assigned to process): 142M, peak: 145M
current process commit charge ("private bytes"): 246M, peak: 250M

vm_info: OpenJDK 64-Bit Server VM (21.0.6+7-LTS) for windows-amd64 JRE (21.0.6+7-LTS), built on 2025-01-21T00:00:00Z by "admin" with MS VC++ 17.7 (VS2022)

END.
